[2026-01-13 15:28:12] [INFO] Using Device: cuda
[2026-01-13 15:28:12] [INFO] Save Directory: ./model/project/results/
[2026-01-13 15:28:12] [INFO] Building DataLoaders...
[2026-01-13 15:29:11] [INFO] Using Device: cuda
[2026-01-13 15:29:11] [INFO] Save Directory: ./model/project/results/
[2026-01-13 15:29:11] [INFO] Building DataLoaders...
[2026-01-13 15:29:11] [INFO] Building Model...
[2026-01-13 15:29:54] [INFO] Using Device: cuda
[2026-01-13 15:29:54] [INFO] Save Directory: ./model/project/results/
[2026-01-13 15:29:54] [INFO] Building DataLoaders...
[2026-01-13 15:29:54] [INFO] Building Model...
[2026-01-13 15:30:48] [INFO] Using Device: cuda
[2026-01-13 15:30:48] [INFO] Save Directory: ./model/project/results/
[2026-01-13 15:30:48] [INFO] Building DataLoaders...
[2026-01-13 15:30:48] [INFO] Building Model...
[2026-01-13 15:30:55] [INFO] Model Params: Total 6484.73M, Trainable 581.93M, Frozen 5902.79M
[2026-01-13 15:34:40] [INFO] Using Device: cuda
[2026-01-13 15:34:40] [INFO] Save Directory: ./model/project/results/
[2026-01-13 15:34:40] [INFO] Building DataLoaders...
[2026-01-13 15:34:40] [INFO] Building Model...
[2026-01-13 15:34:47] [INFO] Model Params: Total 6484.73M, Trainable 581.93M, Frozen 5902.79M
[2026-01-13 16:04:27] [INFO] Using Device: cuda
[2026-01-13 16:04:27] [INFO] Save Directory: ./model/project/results/
[2026-01-13 16:04:27] [INFO] Building DataLoaders...
[2026-01-13 16:04:27] [INFO] Building Model...
[2026-01-13 16:04:35] [INFO] Model Params: Total 6484.73M, Trainable 581.93M, Frozen 5902.79M
[2026-01-13 16:04:35] [INFO] No latest checkpoint found. Starting from scratch.
[2026-01-13 16:04:35] [INFO] Starting Training Loop...
[2026-01-13 16:04:35] [INFO] =============== Epoch 1/100 ===============
[2026-01-13 16:05:54] [INFO] Using Device: cuda
[2026-01-13 16:05:54] [INFO] Save Directory: ./model/project/results/
[2026-01-13 16:05:54] [INFO] Building DataLoaders...
[2026-01-13 16:05:54] [INFO] Building Model...
[2026-01-13 16:06:01] [INFO] Model Params: Total 6484.73M, Trainable 581.93M, Frozen 5902.79M
[2026-01-13 16:06:01] [INFO] No latest checkpoint found. Starting from scratch.
[2026-01-13 16:06:01] [INFO] Starting Training Loop...
[2026-01-13 16:06:01] [INFO] =============== Epoch 1/100 ===============
[2026-01-13 16:10:23] [INFO] Using Device: cuda
[2026-01-13 16:10:23] [INFO] Save Directory: ./model/project/results/
[2026-01-13 16:10:23] [INFO] Building DataLoaders...
[2026-01-13 16:10:23] [INFO] Building Model...
[2026-01-13 16:10:29] [INFO] Model Params: Total 6484.73M, Trainable 581.93M, Frozen 5902.79M
[2026-01-13 16:10:29] [INFO] No latest checkpoint found. Starting from scratch.
[2026-01-13 16:10:29] [INFO] Starting Training Loop...
[2026-01-13 16:10:29] [INFO] =============== Epoch 1/100 ===============
[2026-01-13 16:14:38] [INFO] Using Device: cuda
[2026-01-13 16:14:38] [INFO] Save Directory: ./model/project/results/
[2026-01-13 16:14:38] [INFO] Building DataLoaders...
[2026-01-13 16:14:38] [INFO] Building Model...
[2026-01-13 16:14:45] [INFO] Model Params: Total 6484.73M, Trainable 581.93M, Frozen 5902.79M
[2026-01-13 16:14:46] [INFO] No latest checkpoint found. Starting from scratch.
[2026-01-13 16:14:46] [INFO] Starting Training Loop...
[2026-01-13 16:14:46] [INFO] =============== Epoch 1/100 ===============
[2026-01-13 16:15:35] [INFO] Using Device: cuda
[2026-01-13 16:15:35] [INFO] Save Directory: ./model/project/results/
[2026-01-13 16:15:35] [INFO] Building DataLoaders...
[2026-01-13 16:15:35] [INFO] Building Model...
[2026-01-13 16:15:42] [INFO] Model Params: Total 6484.73M, Trainable 581.93M, Frozen 5902.79M
[2026-01-13 16:15:42] [INFO] No latest checkpoint found. Starting from scratch.
[2026-01-13 16:15:42] [INFO] Starting Training Loop...
[2026-01-13 16:15:42] [INFO] =============== Epoch 1/100 ===============
[2026-01-13 16:20:51] [INFO] Using Device: cuda
[2026-01-13 16:20:51] [INFO] Save Directory: ./model/project/results/
[2026-01-13 16:20:51] [INFO] Building DataLoaders...
[2026-01-13 16:20:51] [INFO] Building Model...
[2026-01-13 16:20:59] [INFO] Model Params: Total 6484.73M, Trainable 581.93M, Frozen 5902.79M
[2026-01-13 16:20:59] [INFO] No latest checkpoint found. Starting from scratch.
[2026-01-13 16:20:59] [INFO] Starting Training Loop...
[2026-01-13 16:20:59] [INFO] =============== Epoch 1/100 ===============
[2026-01-13 16:21:37] [INFO] Using Device: cuda
[2026-01-13 16:21:37] [INFO] Save Directory: ./model/project/results/
[2026-01-13 16:21:37] [INFO] Building DataLoaders...
[2026-01-13 16:21:37] [INFO] Building Model...
[2026-01-13 16:21:45] [INFO] Model Params: Total 6484.73M, Trainable 581.93M, Frozen 5902.79M
[2026-01-13 16:21:45] [INFO] No latest checkpoint found. Starting from scratch.
[2026-01-13 16:21:45] [INFO] Starting Training Loop...
[2026-01-13 16:21:45] [INFO] =============== Epoch 1/100 ===============
[2026-01-13 16:22:27] [INFO] Using Device: cuda
[2026-01-13 16:22:27] [INFO] Save Directory: ./model/project/results/
[2026-01-13 16:22:27] [INFO] Building DataLoaders...
[2026-01-13 16:22:27] [INFO] Building Model...
[2026-01-13 16:22:34] [INFO] Model Params: Total 6484.73M, Trainable 581.93M, Frozen 5902.79M
[2026-01-13 16:22:34] [INFO] No latest checkpoint found. Starting from scratch.
[2026-01-13 16:22:34] [INFO] Starting Training Loop...
[2026-01-13 16:22:34] [INFO] =============== Epoch 1/100 ===============
[2026-01-13 16:26:58] [INFO] Using Device: cuda
[2026-01-13 16:26:58] [INFO] Save Directory: ./model/project/results/
[2026-01-13 16:26:58] [INFO] Building DataLoaders...
[2026-01-13 16:26:58] [INFO] Building Model...
[2026-01-13 16:27:32] [INFO] Using Device: cuda
[2026-01-13 16:27:32] [INFO] Save Directory: ./model/project/results/
[2026-01-13 16:27:32] [INFO] Building DataLoaders...
[2026-01-13 16:27:32] [INFO] Building Model...
[2026-01-13 16:27:36] [INFO] Model Params: Total 799.94M, Trainable 495.92M, Frozen 304.01M
[2026-01-13 16:27:36] [INFO] No latest checkpoint found. Starting from scratch.
[2026-01-13 16:27:36] [INFO] Starting Training Loop...
[2026-01-13 16:27:36] [INFO] =============== Epoch 1/100 ===============
[2026-01-13 16:28:16] [INFO] Using Device: cuda
[2026-01-13 16:28:16] [INFO] Save Directory: ./model/project/results/
[2026-01-13 16:28:16] [INFO] Building DataLoaders...
[2026-01-13 16:28:16] [INFO] Building Model...
[2026-01-13 16:28:20] [INFO] Model Params: Total 799.94M, Trainable 495.92M, Frozen 304.01M
[2026-01-13 16:28:20] [INFO] No latest checkpoint found. Starting from scratch.
[2026-01-13 16:28:20] [INFO] Starting Training Loop...
[2026-01-13 16:28:20] [INFO] =============== Epoch 1/100 ===============
[2026-01-13 16:42:25] [INFO] Using Device: cuda
[2026-01-13 16:42:25] [INFO] Save Directory: ./model/project/results/
[2026-01-13 16:42:25] [INFO] Building DataLoaders...
[2026-01-13 16:42:25] [INFO] Building Model...
[2026-01-13 16:42:30] [INFO] Model Params: Total 799.94M, Trainable 495.92M, Frozen 304.01M
[2026-01-13 16:42:30] [INFO] No latest checkpoint found. Starting from scratch.
[2026-01-13 16:42:30] [INFO] Starting Training Loop...
[2026-01-13 16:42:30] [INFO] =============== Epoch 1/100 ===============
[2026-01-13 16:44:29] [INFO] Using Device: cuda
[2026-01-13 16:44:29] [INFO] Save Directory: ./model/project/results/
[2026-01-13 16:44:29] [INFO] Building DataLoaders...
[2026-01-13 16:44:29] [INFO] Building Model...
[2026-01-13 16:44:34] [INFO] Model Params: Total 799.94M, Trainable 495.92M, Frozen 304.01M
[2026-01-13 16:44:34] [INFO] No latest checkpoint found. Starting from scratch.
[2026-01-13 16:44:34] [INFO] Starting Training Loop...
[2026-01-13 16:44:34] [INFO] =============== Epoch 1/100 ===============
[2026-01-13 16:46:38] [INFO] Using Device: cuda
[2026-01-13 16:46:38] [INFO] Save Directory: ./model/project/results/
[2026-01-13 16:46:38] [INFO] Building DataLoaders...
[2026-01-13 16:46:38] [INFO] Building Model...
[2026-01-13 16:46:42] [INFO] Model Params: Total 799.94M, Trainable 495.92M, Frozen 304.01M
[2026-01-13 16:46:42] [INFO] No latest checkpoint found. Starting from scratch.
[2026-01-13 16:46:42] [INFO] Starting Training Loop...
[2026-01-13 16:46:42] [INFO] =============== Epoch 1/100 ===============
[2026-01-13 16:50:11] [INFO] Using Device: cuda
[2026-01-13 16:50:11] [INFO] Save Directory: ./model/project/results/
[2026-01-13 16:50:11] [INFO] Building DataLoaders...
[2026-01-13 16:50:11] [INFO] Building Model...
[2026-01-13 16:50:15] [INFO] Model Params: Total 799.94M, Trainable 495.92M, Frozen 304.01M
[2026-01-13 16:50:15] [INFO] No latest checkpoint found. Starting from scratch.
[2026-01-13 16:50:15] [INFO] Starting Training Loop...
[2026-01-13 16:50:15] [INFO] =============== Epoch 1/100 ===============
[2026-01-13 16:53:05] [INFO] Using Device: cuda
[2026-01-13 16:53:05] [INFO] Save Directory: ./model/project/results/
[2026-01-13 16:53:05] [INFO] Building DataLoaders...
[2026-01-13 16:53:05] [INFO] Building Model...
[2026-01-13 16:53:09] [INFO] Model Params: Total 766.86M, Trainable 462.85M, Frozen 304.01M
[2026-01-13 16:53:09] [INFO] No latest checkpoint found. Starting from scratch.
[2026-01-13 16:53:09] [INFO] Starting Training Loop...
[2026-01-13 16:53:09] [INFO] =============== Epoch 1/100 ===============
[2026-01-13 16:56:24] [INFO] Using Device: cuda
[2026-01-13 16:56:24] [INFO] Save Directory: ./model/project/results/
[2026-01-13 16:56:24] [INFO] Building DataLoaders...
[2026-01-13 16:56:24] [INFO] Building Model...
[2026-01-13 16:56:28] [INFO] Model Params: Total 766.86M, Trainable 462.85M, Frozen 304.01M
[2026-01-13 16:56:28] [INFO] No latest checkpoint found. Starting from scratch.
[2026-01-13 16:56:28] [INFO] Starting Training Loop...
[2026-01-13 16:56:28] [INFO] =============== Epoch 1/100 ===============
[2026-01-13 16:58:51] [INFO] Using Device: cuda
[2026-01-13 16:58:51] [INFO] Save Directory: ./model/project/results/
[2026-01-13 16:58:51] [INFO] Building DataLoaders...
[2026-01-13 16:58:51] [INFO] Building Model...
[2026-01-13 16:58:56] [INFO] Model Params: Total 766.86M, Trainable 462.85M, Frozen 304.01M
[2026-01-13 16:58:56] [INFO] No latest checkpoint found. Starting from scratch.
[2026-01-13 16:58:56] [INFO] Starting Training Loop...
[2026-01-13 16:58:56] [INFO] =============== Epoch 1/100 ===============
[2026-01-13 17:02:35] [INFO] Using Device: cuda
[2026-01-13 17:02:35] [INFO] Save Directory: ./model/project/results/
[2026-01-13 17:02:35] [INFO] Building DataLoaders...
[2026-01-13 17:02:35] [INFO] Building Model...
[2026-01-13 17:02:40] [INFO] Model Params: Total 766.86M, Trainable 462.85M, Frozen 304.01M
[2026-01-13 17:02:40] [INFO] No latest checkpoint found. Starting from scratch.
[2026-01-13 17:02:40] [INFO] Starting Training Loop...
[2026-01-13 17:02:40] [INFO] =============== Epoch 1/100 ===============
[2026-01-13 17:05:37] [INFO] Using Device: cuda
[2026-01-13 17:05:37] [INFO] Save Directory: ./model/project/results/
[2026-01-13 17:05:37] [INFO] Building DataLoaders...
[2026-01-13 17:05:37] [INFO] Building Model...
[2026-01-13 17:05:41] [INFO] Model Params: Total 766.86M, Trainable 462.85M, Frozen 304.01M
[2026-01-13 17:05:41] [INFO] No latest checkpoint found. Starting from scratch.
[2026-01-13 17:05:41] [INFO] Starting Training Loop...
[2026-01-13 17:05:41] [INFO] =============== Epoch 1/100 ===============
[2026-01-13 17:13:20] [INFO] Using Device: cuda
[2026-01-13 17:13:20] [INFO] Save Directory: ./model/project/results/
[2026-01-13 17:13:20] [INFO] Building DataLoaders...
[2026-01-13 17:13:20] [INFO] Building Model...
[2026-01-13 17:13:24] [INFO] Model Params: Total 745.89M, Trainable 441.87M, Frozen 304.01M
[2026-01-13 17:13:24] [INFO] No latest checkpoint found. Starting from scratch.
[2026-01-13 17:13:24] [INFO] Starting Training Loop...
[2026-01-13 17:13:24] [INFO] =============== Epoch 1/100 ===============
[2026-01-13 17:18:00] [INFO] Using Device: cuda
[2026-01-13 17:18:00] [INFO] Save Directory: ./model/project/results/
[2026-01-13 17:18:00] [INFO] Building DataLoaders...
[2026-01-13 17:18:00] [INFO] Building Model...
[2026-01-13 17:18:04] [INFO] Model Params: Total 745.89M, Trainable 441.87M, Frozen 304.01M
[2026-01-13 17:18:04] [INFO] No latest checkpoint found. Starting from scratch.
[2026-01-13 17:18:04] [INFO] Starting Training Loop...
[2026-01-13 17:18:04] [INFO] =============== Epoch 1/100 ===============
[2026-01-13 17:29:44] [INFO] Using Device: cuda
[2026-01-13 17:29:44] [INFO] Save Directory: ./model/project/results/
[2026-01-13 17:29:44] [INFO] Building DataLoaders...
[2026-01-13 17:29:44] [INFO] Building Model...
[2026-01-13 17:29:48] [INFO] Model Params: Total 745.89M, Trainable 441.87M, Frozen 304.01M
[2026-01-13 17:29:48] [INFO] No latest checkpoint found. Starting from scratch.
[2026-01-13 17:29:48] [INFO] Starting Training Loop...
[2026-01-13 17:29:48] [INFO] =============== Epoch 1/100 ===============
[2026-01-13 17:33:01] [INFO] Using Device: cuda
[2026-01-13 17:33:01] [INFO] Save Directory: ./model/project/results/
[2026-01-13 17:33:01] [INFO] Building DataLoaders...
[2026-01-13 17:33:01] [INFO] Building Model...
[2026-01-13 17:33:05] [INFO] Model Params: Total 745.89M, Trainable 441.87M, Frozen 304.01M
[2026-01-13 17:33:05] [INFO] No latest checkpoint found. Starting from scratch.
[2026-01-13 17:33:05] [INFO] Starting Training Loop...
[2026-01-13 17:33:05] [INFO] =============== Epoch 1/100 ===============
